\BOOKMARK [1][-]{section.1}{\376\377\000W\000e\000e\000k\000\040\0000}{}% 1
\BOOKMARK [2][-]{subsection.1.1}{\376\377\000b\000o\000n\000u\000s\000:\000\040\000c\000o\000m\000p\000u\000t\000a\000t\000i\000o\000n}{section.1}% 2
\BOOKMARK [1][-]{section.2}{\376\377\000W\000e\000e\000k\000\040\0001}{}% 3
\BOOKMARK [2][-]{subsection.2.1}{\376\377\000L\000e\000c\000\040\0001\000\040\000a\000n\000d\000\040\0002}{section.2}% 4
\BOOKMARK [2][-]{subsection.2.2}{\376\377\000L\000e\000c\000\040\0003}{section.2}% 5
\BOOKMARK [1][-]{section.3}{\376\377\000W\000e\000e\000k\000\040\0002}{}% 6
\BOOKMARK [2][-]{subsection.3.1}{\376\377\000L\000e\000c\000\040\0001}{section.3}% 7
\BOOKMARK [2][-]{subsection.3.2}{\376\377\000L\000e\000c\000\040\0002}{section.3}% 8
\BOOKMARK [2][-]{subsection.3.3}{\376\377\000L\000e\000c\000\040\0003}{section.3}% 9
\BOOKMARK [1][-]{section.4}{\376\377\000W\000e\000e\000k\000\040\0003}{}% 10
\BOOKMARK [2][-]{subsection.4.1}{\376\377\000L\000e\000c\000\040\0001}{section.4}% 11
\BOOKMARK [2][-]{subsection.4.2}{\376\377\000L\000e\000c\000\040\0002}{section.4}% 12
\BOOKMARK [2][-]{subsection.4.3}{\376\377\000L\000e\000c\000\040\0003\000\040\000\050\000l\000i\000m\000i\000t\000\040\000t\000h\000e\000o\000r\000e\000m\000s\000\040\000f\000o\000r\000\040\000M\000a\000r\000k\000o\000v\000\040\000c\000h\000a\000i\000n\000s\000\051}{section.4}% 13
\BOOKMARK [1][-]{section.5}{\376\377\000W\000e\000e\000k\000\040\0004}{}% 14
\BOOKMARK [2][-]{subsection.5.1}{\376\377\000o\000n\000l\000y\000\040\000s\000u\000b\000s\000t\000a\000n\000t\000i\000v\000e\000\040\000l\000e\000c\000t\000u\000r\000e\000\040\000i\000n\000\040\000t\000h\000e\000\040\000w\000e\000e\000k}{section.5}% 15
\BOOKMARK [1][-]{section.6}{\376\377\000W\000e\000e\000k\000\040\0005}{}% 16
\BOOKMARK [2][-]{subsection.6.1}{\376\377\000L\000e\000c\000\040\0001}{section.6}% 17
\BOOKMARK [2][-]{subsection.6.2}{\376\377\000L\000e\000c\000\040\0002}{section.6}% 18
\BOOKMARK [2][-]{subsection.6.3}{\376\377\000B\000o\000n\000u\000s\000\040\000S\000e\000c\000t\000i\000o\000n\000\040\000\050\000i\000n\000d\000i\000c\000a\000t\000o\000r\000\040\000f\000u\000n\000c\000t\000i\000o\000n\000s\000\040\000a\000n\000d\000\040\000e\000x\000p\000e\000c\000t\000a\000t\000i\000o\000n\000\051}{section.6}% 19
\BOOKMARK [2][-]{subsection.6.4}{\376\377\000L\000e\000c\000t\000u\000r\000e\000\040\0003}{section.6}% 20
\BOOKMARK [1][-]{section.7}{\376\377\000W\000e\000e\000k\000\040\0006}{}% 21
\BOOKMARK [2][-]{subsection.7.1}{\376\377\000J\000a\000c\000o\000b\000'\000s\000\040\000s\000e\000c\000t\000i\000o\000n}{section.7}% 22
\BOOKMARK [2][-]{subsection.7.2}{\376\377\000L\000e\000c\000\040\0003}{section.7}% 23
\BOOKMARK [1][-]{section.8}{\376\377\000W\000e\000e\000k\000\040\0007}{}% 24
\BOOKMARK [2][-]{subsection.8.1}{\376\377\000L\000e\000c\000t\000u\000r\000e\000\040\0001}{section.8}% 25
\BOOKMARK [2][-]{subsection.8.2}{\376\377\000L\000e\000c\000\040\0002}{section.8}% 26
\BOOKMARK [1][-]{section.9}{\376\377\000W\000e\000e\000k\000\040\0008}{}% 27
\BOOKMARK [2][-]{subsection.9.1}{\376\377\000L\000e\000c\000\040\0001}{section.9}% 28
\BOOKMARK [1][-]{section.10}{\376\377\000W\000e\000e\000k\000\040\0009}{}% 29
\BOOKMARK [2][-]{subsection.10.1}{\376\377\000L\000e\000c\000\040\0001}{section.10}% 30
\BOOKMARK [2][-]{subsection.10.2}{\376\377\000L\000e\000c\000\040\0002}{section.10}% 31
\BOOKMARK [1][-]{section.11}{\376\377\000W\000e\000e\000k\000\040\0001\0000}{}% 32
\BOOKMARK [2][-]{subsection.11.1}{\376\377\000L\000e\000c\000\040\0001}{section.11}% 33
\BOOKMARK [2][-]{subsection.11.2}{\376\377\000L\000e\000c\000\040\0002}{section.11}% 34
